CustomizedListView2/app/build/outputs/logs/manifest-merger-debug-report.txt
-- Merging decision tree log ---
manifest
ADDED from src/main/AndroidManifest.xml:2:1-23:12
	package
		ADDED from src/main/AndroidManifest.xml:3:2-35
		INJECTED from src/main/AndroidManifest.xml
		INJECTED from src/main/AndroidManifest.xml
	android:versionName
		ADDED from src/main/AndroidManifest.xml:4:2-27
		INJECTED from src/main/AndroidManifest.xml
		INJECTED from src/main/AndroidManifest.xml
	android:versionCode
		ADDED from src/main/AndroidManifest.xml:3:36-59
		INJECTED from src/main/AndroidManifest.xml
		INJECTED from src/main/AndroidManifest.xml
	xmlns:android
		ADDED from src/main/AndroidManifest.xml:2:11-69
uses-sdk
ADDED from src/main/AndroidManifest.xml:5:2-40
	android:targetSdkVersion
		INJECTED from src/main/AndroidManifest.xml
		INJECTED from src/main/AndroidManifest.xml
	android:minSdkVersion
		ADDED from src/main/AndroidManifest.xml:5:12-37
		INJECTED from src/main/AndroidManifest.xml
		INJECTED from src/main/AndroidManifest.xml
application
ADDED from src/main/AndroidManifest.xml:7:2-19:16
	android:label
		ADDED from src/main/AndroidManifest.xml:10:3-35
	android:allowBackup
		ADDED from src/main/AndroidManifest.xml:9:3-29
	android:icon
		ADDED from src/main/AndroidManifest.xml:8:3-32
activity#com.example.androidhive.CustomizedListView
ADDED from src/main/AndroidManifest.xml:11:3-18:14
	android:label
		ADDED from src/main/AndroidManifest.xml:11:48-80
	android:name
		ADDED from src/main/AndroidManifest.xml:11:13-47
intent-filter#android.intent.action.MAIN+android.intent.category.LAUNCHER
ADDED from src/main/AndroidManifest.xml:12:4-16:20
action#android.intent.action.MAIN
ADDED from src/main/AndroidManifest.xml:13:5-57
	android:name
		ADDED from src/main/AndroidManifest.xml:13:13-54
category#android.intent.category.LAUNCHER
ADDED from src/main/AndroidManifest.xml:14:5-65
	android:name
		ADDED from src/main/AndroidManifest.xml:14:15-62
uses-permission#android.permission.INTERNET
ADDED from src/main/AndroidManifest.xml:21:2-64
	android:name
		ADDED from src/main/AndroidManifest.xml:21:19-61
uses-permission#android.permission.WRITE_EXTERNAL_STORAGE
ADDED from src/main/AndroidManifest.xml:22:2-78
	android:name
		ADDED from src/main/AndroidManifest.xml:22:19-75